#! /usr/bin/vvp
:ivl_version "10.3 (stable)";
:ivl_delay_selection "TYPICAL";
:vpi_time_precision + 0;
:vpi_module "system";
:vpi_module "vhdl_sys";
:vpi_module "v2005_math";
:vpi_module "va_math";
S_0x5570308e7510 .scope module, "top" "top" 2 3;
 .timescale 0 0;
v0x55703090dbf0_0 .var "A", 7 0;
v0x55703090dcd0_0 .var "B", 7 0;
v0x55703090dd70_0 .var "C", 7 0;
v0x55703090de10_0 .net "ca", 0 0, L_0x557030912320;  1 drivers
v0x55703090deb0_0 .var/i "cfgtype", 31 0;
v0x55703090df90_0 .var/i "cfgtype1", 31 0;
v0x55703090e070_0 .var "cin", 0 0;
v0x55703090e110_0 .var/i "f", 31 0;
v0x55703090e1f0_0 .net "sum", 7 0, L_0x557030912a20;  1 drivers
S_0x5570308dcb80 .scope module, "f1" "eight" 2 31, 3 2 0, S_0x5570308e7510;
 .timescale 0 0;
    .port_info 0 /INPUT 8 "A"
    .port_info 1 /INPUT 8 "B"
    .port_info 2 /INPUT 1 "cin"
    .port_info 3 /OUTPUT 8 "sum"
    .port_info 4 /OUTPUT 1 "ca"
v0x55703090d550_0 .net "A", 7 0, v0x55703090dbf0_0;  1 drivers
v0x55703090d650_0 .net "B", 7 0, v0x55703090dcd0_0;  1 drivers
v0x55703090d730_0 .net "ca", 0 0, L_0x557030912320;  alias, 1 drivers
v0x55703090d820_0 .net "cin", 0 0, v0x55703090e070_0;  1 drivers
v0x55703090d910_0 .net "sum", 7 0, L_0x557030912a20;  alias, 1 drivers
v0x55703090da20_0 .net "w0", 0 0, L_0x557030910080;  1 drivers
L_0x557030910600 .part v0x55703090dbf0_0, 0, 4;
L_0x5570309106f0 .part v0x55703090dcd0_0, 0, 4;
L_0x5570309128e0 .part v0x55703090dbf0_0, 4, 4;
L_0x557030912980 .part v0x55703090dcd0_0, 4, 4;
L_0x557030912a20 .concat8 [ 4 4 0 0], L_0x557030910560, L_0x557030912840;
S_0x5570308e1d00 .scope module, "f1" "four" 3 9, 4 2 0, S_0x5570308dcb80;
 .timescale 0 0;
    .port_info 0 /INPUT 4 "A"
    .port_info 1 /INPUT 4 "B"
    .port_info 2 /INPUT 1 "cin"
    .port_info 3 /OUTPUT 4 "sum"
    .port_info 4 /OUTPUT 1 "ca"
v0x557030909580_0 .net "A", 3 0, L_0x557030910600;  1 drivers
v0x557030909680_0 .net "B", 3 0, L_0x5570309106f0;  1 drivers
v0x557030909760_0 .net "ca", 0 0, L_0x557030910080;  alias, 1 drivers
v0x557030909830_0 .net "cin", 0 0, v0x55703090e070_0;  alias, 1 drivers
v0x557030909900_0 .net "sum", 3 0, L_0x557030910560;  1 drivers
v0x5570309099a0_0 .net "w0", 0 0, L_0x55703090e800;  1 drivers
v0x557030909a90_0 .net "w1", 0 0, L_0x55703090f010;  1 drivers
v0x557030909b80_0 .net "w2", 0 0, L_0x55703090f890;  1 drivers
L_0x55703090e910 .part L_0x557030910600, 0, 1;
L_0x55703090ea40 .part L_0x5570309106f0, 0, 1;
L_0x55703090f120 .part L_0x557030910600, 1, 1;
L_0x55703090f250 .part L_0x5570309106f0, 1, 1;
L_0x55703090f9a0 .part L_0x557030910600, 2, 1;
L_0x55703090fad0 .part L_0x5570309106f0, 2, 1;
L_0x557030910190 .part L_0x557030910600, 3, 1;
L_0x557030910350 .part L_0x5570309106f0, 3, 1;
L_0x557030910560 .concat8 [ 1 1 1 1], L_0x55703090e3b0, L_0x55703090ec10, L_0x55703090f420, L_0x55703090fcb0;
S_0x5570308df440 .scope module, "f1" "Fulladdr" 4 9, 5 1 0, S_0x5570308e1d00;
 .timescale 0 0;
    .port_info 0 /INPUT 1 "a"
    .port_info 1 /INPUT 1 "b"
    .port_info 2 /INPUT 1 "cin"
    .port_info 3 /OUTPUT 1 "sum"
    .port_info 4 /OUTPUT 1 "ca"
L_0x55703090e340 .functor XOR 1, L_0x55703090e910, L_0x55703090ea40, C4<0>, C4<0>;
L_0x55703090e3b0 .functor XOR 1, L_0x55703090e340, v0x55703090e070_0, C4<0>, C4<0>;
L_0x55703090e4e0 .functor AND 1, L_0x55703090e910, L_0x55703090ea40, C4<1>, C4<1>;
L_0x55703090e5a0 .functor AND 1, L_0x55703090ea40, v0x55703090e070_0, C4<1>, C4<1>;
L_0x55703090e640 .functor OR 1, L_0x55703090e4e0, L_0x55703090e5a0, C4<0>, C4<0>;
L_0x55703090e750 .functor AND 1, L_0x55703090e910, v0x55703090e070_0, C4<1>, C4<1>;
L_0x55703090e800 .functor OR 1, L_0x55703090e640, L_0x55703090e750, C4<0>, C4<0>;
v0x5570308e20f0_0 .net *"_s0", 0 0, L_0x55703090e340;  1 drivers
v0x5570308cbaa0_0 .net *"_s10", 0 0, L_0x55703090e750;  1 drivers
v0x5570308df890_0 .net *"_s4", 0 0, L_0x55703090e4e0;  1 drivers
v0x557030906e00_0 .net *"_s6", 0 0, L_0x55703090e5a0;  1 drivers
v0x557030906ee0_0 .net *"_s8", 0 0, L_0x55703090e640;  1 drivers
v0x557030907010_0 .net "a", 0 0, L_0x55703090e910;  1 drivers
v0x5570309070d0_0 .net "b", 0 0, L_0x55703090ea40;  1 drivers
v0x557030907190_0 .net "ca", 0 0, L_0x55703090e800;  alias, 1 drivers
v0x557030907250_0 .net "cin", 0 0, v0x55703090e070_0;  alias, 1 drivers
v0x557030907310_0 .net "sum", 0 0, L_0x55703090e3b0;  1 drivers
S_0x557030907470 .scope module, "f2" "Fulladdr" 4 10, 5 1 0, S_0x5570308e1d00;
 .timescale 0 0;
    .port_info 0 /INPUT 1 "a"
    .port_info 1 /INPUT 1 "b"
    .port_info 2 /INPUT 1 "cin"
    .port_info 3 /OUTPUT 1 "sum"
    .port_info 4 /OUTPUT 1 "ca"
L_0x55703090eb70 .functor XOR 1, L_0x55703090f120, L_0x55703090f250, C4<0>, C4<0>;
L_0x55703090ec10 .functor XOR 1, L_0x55703090eb70, L_0x55703090e800, C4<0>, C4<0>;
L_0x55703090ed40 .functor AND 1, L_0x55703090f120, L_0x55703090f250, C4<1>, C4<1>;
L_0x55703090edb0 .functor AND 1, L_0x55703090f250, L_0x55703090e800, C4<1>, C4<1>;
L_0x55703090ee50 .functor OR 1, L_0x55703090ed40, L_0x55703090edb0, C4<0>, C4<0>;
L_0x55703090ef60 .functor AND 1, L_0x55703090f120, L_0x55703090e800, C4<1>, C4<1>;
L_0x55703090f010 .functor OR 1, L_0x55703090ee50, L_0x55703090ef60, C4<0>, C4<0>;
v0x557030907610_0 .net *"_s0", 0 0, L_0x55703090eb70;  1 drivers
v0x5570309076f0_0 .net *"_s10", 0 0, L_0x55703090ef60;  1 drivers
v0x5570309077d0_0 .net *"_s4", 0 0, L_0x55703090ed40;  1 drivers
v0x557030907890_0 .net *"_s6", 0 0, L_0x55703090edb0;  1 drivers
v0x557030907970_0 .net *"_s8", 0 0, L_0x55703090ee50;  1 drivers
v0x557030907aa0_0 .net "a", 0 0, L_0x55703090f120;  1 drivers
v0x557030907b60_0 .net "b", 0 0, L_0x55703090f250;  1 drivers
v0x557030907c20_0 .net "ca", 0 0, L_0x55703090f010;  alias, 1 drivers
v0x557030907ce0_0 .net "cin", 0 0, L_0x55703090e800;  alias, 1 drivers
v0x557030907d80_0 .net "sum", 0 0, L_0x55703090ec10;  1 drivers
S_0x557030907ef0 .scope module, "f3" "Fulladdr" 4 11, 5 1 0, S_0x5570308e1d00;
 .timescale 0 0;
    .port_info 0 /INPUT 1 "a"
    .port_info 1 /INPUT 1 "b"
    .port_info 2 /INPUT 1 "cin"
    .port_info 3 /OUTPUT 1 "sum"
    .port_info 4 /OUTPUT 1 "ca"
L_0x55703090f3b0 .functor XOR 1, L_0x55703090f9a0, L_0x55703090fad0, C4<0>, C4<0>;
L_0x55703090f420 .functor XOR 1, L_0x55703090f3b0, L_0x55703090f010, C4<0>, C4<0>;
L_0x55703090f570 .functor AND 1, L_0x55703090f9a0, L_0x55703090fad0, C4<1>, C4<1>;
L_0x55703090f630 .functor AND 1, L_0x55703090fad0, L_0x55703090f010, C4<1>, C4<1>;
L_0x55703090f6d0 .functor OR 1, L_0x55703090f570, L_0x55703090f630, C4<0>, C4<0>;
L_0x55703090f7e0 .functor AND 1, L_0x55703090f9a0, L_0x55703090f010, C4<1>, C4<1>;
L_0x55703090f890 .functor OR 1, L_0x55703090f6d0, L_0x55703090f7e0, C4<0>, C4<0>;
v0x5570309080a0_0 .net *"_s0", 0 0, L_0x55703090f3b0;  1 drivers
v0x557030908180_0 .net *"_s10", 0 0, L_0x55703090f7e0;  1 drivers
v0x557030908260_0 .net *"_s4", 0 0, L_0x55703090f570;  1 drivers
v0x557030908350_0 .net *"_s6", 0 0, L_0x55703090f630;  1 drivers
v0x557030908430_0 .net *"_s8", 0 0, L_0x55703090f6d0;  1 drivers
v0x557030908560_0 .net "a", 0 0, L_0x55703090f9a0;  1 drivers
v0x557030908620_0 .net "b", 0 0, L_0x55703090fad0;  1 drivers
v0x5570309086e0_0 .net "ca", 0 0, L_0x55703090f890;  alias, 1 drivers
v0x5570309087a0_0 .net "cin", 0 0, L_0x55703090f010;  alias, 1 drivers
v0x5570309088d0_0 .net "sum", 0 0, L_0x55703090f420;  1 drivers
S_0x557030908a40 .scope module, "f4" "Fulladdr" 4 12, 5 1 0, S_0x5570308e1d00;
 .timescale 0 0;
    .port_info 0 /INPUT 1 "a"
    .port_info 1 /INPUT 1 "b"
    .port_info 2 /INPUT 1 "cin"
    .port_info 3 /OUTPUT 1 "sum"
    .port_info 4 /OUTPUT 1 "ca"
L_0x55703090fc40 .functor XOR 1, L_0x557030910190, L_0x557030910350, C4<0>, C4<0>;
L_0x55703090fcb0 .functor XOR 1, L_0x55703090fc40, L_0x55703090f890, C4<0>, C4<0>;
L_0x55703090fdb0 .functor AND 1, L_0x557030910190, L_0x557030910350, C4<1>, C4<1>;
L_0x55703090fe20 .functor AND 1, L_0x557030910350, L_0x55703090f890, C4<1>, C4<1>;
L_0x55703090fec0 .functor OR 1, L_0x55703090fdb0, L_0x55703090fe20, C4<0>, C4<0>;
L_0x55703090ffd0 .functor AND 1, L_0x557030910190, L_0x55703090f890, C4<1>, C4<1>;
L_0x557030910080 .functor OR 1, L_0x55703090fec0, L_0x55703090ffd0, C4<0>, C4<0>;
v0x557030908bc0_0 .net *"_s0", 0 0, L_0x55703090fc40;  1 drivers
v0x557030908cc0_0 .net *"_s10", 0 0, L_0x55703090ffd0;  1 drivers
v0x557030908da0_0 .net *"_s4", 0 0, L_0x55703090fdb0;  1 drivers
v0x557030908e90_0 .net *"_s6", 0 0, L_0x55703090fe20;  1 drivers
v0x557030908f70_0 .net *"_s8", 0 0, L_0x55703090fec0;  1 drivers
v0x5570309090a0_0 .net "a", 0 0, L_0x557030910190;  1 drivers
v0x557030909160_0 .net "b", 0 0, L_0x557030910350;  1 drivers
v0x557030909220_0 .net "ca", 0 0, L_0x557030910080;  alias, 1 drivers
v0x5570309092e0_0 .net "cin", 0 0, L_0x55703090f890;  alias, 1 drivers
v0x557030909410_0 .net "sum", 0 0, L_0x55703090fcb0;  1 drivers
S_0x557030909cf0 .scope module, "f2" "four" 3 10, 4 2 0, S_0x5570308dcb80;
 .timescale 0 0;
    .port_info 0 /INPUT 4 "A"
    .port_info 1 /INPUT 4 "B"
    .port_info 2 /INPUT 1 "cin"
    .port_info 3 /OUTPUT 4 "sum"
    .port_info 4 /OUTPUT 1 "ca"
v0x55703090cdf0_0 .net "A", 3 0, L_0x5570309128e0;  1 drivers
v0x55703090cef0_0 .net "B", 3 0, L_0x557030912980;  1 drivers
v0x55703090cfd0_0 .net "ca", 0 0, L_0x557030912320;  alias, 1 drivers
v0x55703090d0a0_0 .net "cin", 0 0, L_0x557030910080;  alias, 1 drivers
v0x55703090d140_0 .net "sum", 3 0, L_0x557030912840;  1 drivers
v0x55703090d1e0_0 .net "w0", 0 0, L_0x557030910c50;  1 drivers
v0x55703090d2d0_0 .net "w1", 0 0, L_0x557030911340;  1 drivers
v0x55703090d3c0_0 .net "w2", 0 0, L_0x557030911b60;  1 drivers
L_0x557030910d60 .part L_0x5570309128e0, 0, 1;
L_0x557030910e00 .part L_0x557030912980, 0, 1;
L_0x557030911450 .part L_0x5570309128e0, 1, 1;
L_0x557030911580 .part L_0x557030912980, 1, 1;
L_0x557030911c70 .part L_0x5570309128e0, 2, 1;
L_0x557030911da0 .part L_0x557030912980, 2, 1;
L_0x557030912470 .part L_0x5570309128e0, 3, 1;
L_0x557030912630 .part L_0x557030912980, 3, 1;
L_0x557030912840 .concat8 [ 1 1 1 1], L_0x557030910850, L_0x557030910fa0, L_0x557030911720, L_0x557030911f80;
S_0x557030909ee0 .scope module, "f1" "Fulladdr" 4 9, 5 1 0, S_0x557030909cf0;
 .timescale 0 0;
    .port_info 0 /INPUT 1 "a"
    .port_info 1 /INPUT 1 "b"
    .port_info 2 /INPUT 1 "cin"
    .port_info 3 /OUTPUT 1 "sum"
    .port_info 4 /OUTPUT 1 "ca"
L_0x5570309107e0 .functor XOR 1, L_0x557030910d60, L_0x557030910e00, C4<0>, C4<0>;
L_0x557030910850 .functor XOR 1, L_0x5570309107e0, L_0x557030910080, C4<0>, C4<0>;
L_0x557030910910 .functor AND 1, L_0x557030910d60, L_0x557030910e00, C4<1>, C4<1>;
L_0x557030910a20 .functor AND 1, L_0x557030910e00, L_0x557030910080, C4<1>, C4<1>;
L_0x557030910a90 .functor OR 1, L_0x557030910910, L_0x557030910a20, C4<0>, C4<0>;
L_0x557030910ba0 .functor AND 1, L_0x557030910d60, L_0x557030910080, C4<1>, C4<1>;
L_0x557030910c50 .functor OR 1, L_0x557030910a90, L_0x557030910ba0, C4<0>, C4<0>;
v0x55703090a130_0 .net *"_s0", 0 0, L_0x5570309107e0;  1 drivers
v0x55703090a230_0 .net *"_s10", 0 0, L_0x557030910ba0;  1 drivers
v0x55703090a310_0 .net *"_s4", 0 0, L_0x557030910910;  1 drivers
v0x55703090a3d0_0 .net *"_s6", 0 0, L_0x557030910a20;  1 drivers
v0x55703090a4b0_0 .net *"_s8", 0 0, L_0x557030910a90;  1 drivers
v0x55703090a5e0_0 .net "a", 0 0, L_0x557030910d60;  1 drivers
v0x55703090a6a0_0 .net "b", 0 0, L_0x557030910e00;  1 drivers
v0x55703090a760_0 .net "ca", 0 0, L_0x557030910c50;  alias, 1 drivers
v0x55703090a820_0 .net "cin", 0 0, L_0x557030910080;  alias, 1 drivers
v0x55703090a950_0 .net "sum", 0 0, L_0x557030910850;  1 drivers
S_0x55703090aab0 .scope module, "f2" "Fulladdr" 4 10, 5 1 0, S_0x557030909cf0;
 .timescale 0 0;
    .port_info 0 /INPUT 1 "a"
    .port_info 1 /INPUT 1 "b"
    .port_info 2 /INPUT 1 "cin"
    .port_info 3 /OUTPUT 1 "sum"
    .port_info 4 /OUTPUT 1 "ca"
L_0x557030910f30 .functor XOR 1, L_0x557030911450, L_0x557030911580, C4<0>, C4<0>;
L_0x557030910fa0 .functor XOR 1, L_0x557030910f30, L_0x557030910c50, C4<0>, C4<0>;
L_0x5570309110a0 .functor AND 1, L_0x557030911450, L_0x557030911580, C4<1>, C4<1>;
L_0x557030911110 .functor AND 1, L_0x557030911580, L_0x557030910c50, C4<1>, C4<1>;
L_0x557030911180 .functor OR 1, L_0x5570309110a0, L_0x557030911110, C4<0>, C4<0>;
L_0x557030911290 .functor AND 1, L_0x557030911450, L_0x557030910c50, C4<1>, C4<1>;
L_0x557030911340 .functor OR 1, L_0x557030911180, L_0x557030911290, C4<0>, C4<0>;
v0x55703090ad20_0 .net *"_s0", 0 0, L_0x557030910f30;  1 drivers
v0x55703090ae00_0 .net *"_s10", 0 0, L_0x557030911290;  1 drivers
v0x55703090aee0_0 .net *"_s4", 0 0, L_0x5570309110a0;  1 drivers
v0x55703090afa0_0 .net *"_s6", 0 0, L_0x557030911110;  1 drivers
v0x55703090b080_0 .net *"_s8", 0 0, L_0x557030911180;  1 drivers
v0x55703090b1b0_0 .net "a", 0 0, L_0x557030911450;  1 drivers
v0x55703090b270_0 .net "b", 0 0, L_0x557030911580;  1 drivers
v0x55703090b330_0 .net "ca", 0 0, L_0x557030911340;  alias, 1 drivers
v0x55703090b3f0_0 .net "cin", 0 0, L_0x557030910c50;  alias, 1 drivers
v0x55703090b520_0 .net "sum", 0 0, L_0x557030910fa0;  1 drivers
S_0x55703090b660 .scope module, "f3" "Fulladdr" 4 11, 5 1 0, S_0x557030909cf0;
 .timescale 0 0;
    .port_info 0 /INPUT 1 "a"
    .port_info 1 /INPUT 1 "b"
    .port_info 2 /INPUT 1 "cin"
    .port_info 3 /OUTPUT 1 "sum"
    .port_info 4 /OUTPUT 1 "ca"
L_0x5570309116b0 .functor XOR 1, L_0x557030911c70, L_0x557030911da0, C4<0>, C4<0>;
L_0x557030911720 .functor XOR 1, L_0x5570309116b0, L_0x557030911340, C4<0>, C4<0>;
L_0x557030911870 .functor AND 1, L_0x557030911c70, L_0x557030911da0, C4<1>, C4<1>;
L_0x557030911930 .functor AND 1, L_0x557030911da0, L_0x557030911340, C4<1>, C4<1>;
L_0x5570309119a0 .functor OR 1, L_0x557030911870, L_0x557030911930, C4<0>, C4<0>;
L_0x557030911ab0 .functor AND 1, L_0x557030911c70, L_0x557030911340, C4<1>, C4<1>;
L_0x557030911b60 .functor OR 1, L_0x5570309119a0, L_0x557030911ab0, C4<0>, C4<0>;
v0x55703090b890_0 .net *"_s0", 0 0, L_0x5570309116b0;  1 drivers
v0x55703090b970_0 .net *"_s10", 0 0, L_0x557030911ab0;  1 drivers
v0x55703090ba50_0 .net *"_s4", 0 0, L_0x557030911870;  1 drivers
v0x55703090bb40_0 .net *"_s6", 0 0, L_0x557030911930;  1 drivers
v0x55703090bc20_0 .net *"_s8", 0 0, L_0x5570309119a0;  1 drivers
v0x55703090bd50_0 .net "a", 0 0, L_0x557030911c70;  1 drivers
v0x55703090be10_0 .net "b", 0 0, L_0x557030911da0;  1 drivers
v0x55703090bed0_0 .net "ca", 0 0, L_0x557030911b60;  alias, 1 drivers
v0x55703090bf90_0 .net "cin", 0 0, L_0x557030911340;  alias, 1 drivers
v0x55703090c0c0_0 .net "sum", 0 0, L_0x557030911720;  1 drivers
S_0x55703090c230 .scope module, "f4" "Fulladdr" 4 12, 5 1 0, S_0x557030909cf0;
 .timescale 0 0;
    .port_info 0 /INPUT 1 "a"
    .port_info 1 /INPUT 1 "b"
    .port_info 2 /INPUT 1 "cin"
    .port_info 3 /OUTPUT 1 "sum"
    .port_info 4 /OUTPUT 1 "ca"
L_0x557030911f10 .functor XOR 1, L_0x557030912470, L_0x557030912630, C4<0>, C4<0>;
L_0x557030911f80 .functor XOR 1, L_0x557030911f10, L_0x557030911b60, C4<0>, C4<0>;
L_0x557030912080 .functor AND 1, L_0x557030912470, L_0x557030912630, C4<1>, C4<1>;
L_0x5570309120f0 .functor AND 1, L_0x557030912630, L_0x557030911b60, C4<1>, C4<1>;
L_0x557030912160 .functor OR 1, L_0x557030912080, L_0x5570309120f0, C4<0>, C4<0>;
L_0x557030912270 .functor AND 1, L_0x557030912470, L_0x557030911b60, C4<1>, C4<1>;
L_0x557030912320 .functor OR 1, L_0x557030912160, L_0x557030912270, C4<0>, C4<0>;
v0x55703090c430_0 .net *"_s0", 0 0, L_0x557030911f10;  1 drivers
v0x55703090c530_0 .net *"_s10", 0 0, L_0x557030912270;  1 drivers
v0x55703090c610_0 .net *"_s4", 0 0, L_0x557030912080;  1 drivers
v0x55703090c700_0 .net *"_s6", 0 0, L_0x5570309120f0;  1 drivers
v0x55703090c7e0_0 .net *"_s8", 0 0, L_0x557030912160;  1 drivers
v0x55703090c910_0 .net "a", 0 0, L_0x557030912470;  1 drivers
v0x55703090c9d0_0 .net "b", 0 0, L_0x557030912630;  1 drivers
v0x55703090ca90_0 .net "ca", 0 0, L_0x557030912320;  alias, 1 drivers
v0x55703090cb50_0 .net "cin", 0 0, L_0x557030911b60;  alias, 1 drivers
v0x55703090cc80_0 .net "sum", 0 0, L_0x557030911f80;  1 drivers
    .scope S_0x5570308e7510;
T_0 ;
    %vpi_func 2 8 "$value$plusargs" 32, "CFGTYPE=%d", v0x55703090deb0_0 {0 0 0};
    %cmpi/ne 0, 0, 32;
    %jmp/0xz  T_0.0, 4;
T_0.0 ;
    %vpi_func 2 11 "$value$plusargs" 32, "CFGTYPE1=%d", v0x55703090df90_0 {0 0 0};
    %cmpi/ne 0, 0, 32;
    %jmp/0xz  T_0.2, 4;
T_0.2 ;
    %end;
    .thread T_0;
    .scope S_0x5570308e7510;
T_1 ;
    %load/vec4 v0x55703090df90_0;
    %pad/s 8;
    %store/vec4 v0x55703090dcd0_0, 0, 8;
    %load/vec4 v0x55703090dcd0_0;
    %parti/s 1, 0, 2;
    %inv;
    %ix/load 4, 0, 0;
    %flag_set/imm 4, 0;
    %store/vec4 v0x55703090dd70_0, 4, 1;
    %load/vec4 v0x55703090dcd0_0;
    %parti/s 1, 2, 3;
    %inv;
    %ix/load 4, 1, 0;
    %flag_set/imm 4, 0;
    %store/vec4 v0x55703090dd70_0, 4, 1;
    %load/vec4 v0x55703090dcd0_0;
    %parti/s 1, 2, 3;
    %inv;
    %ix/load 4, 2, 0;
    %flag_set/imm 4, 0;
    %store/vec4 v0x55703090dd70_0, 4, 1;
    %load/vec4 v0x55703090dcd0_0;
    %parti/s 1, 3, 3;
    %inv;
    %ix/load 4, 3, 0;
    %flag_set/imm 4, 0;
    %store/vec4 v0x55703090dd70_0, 4, 1;
    %load/vec4 v0x55703090dcd0_0;
    %parti/s 1, 4, 4;
    %inv;
    %ix/load 4, 4, 0;
    %flag_set/imm 4, 0;
    %store/vec4 v0x55703090dd70_0, 4, 1;
    %load/vec4 v0x55703090dcd0_0;
    %parti/s 1, 5, 4;
    %inv;
    %ix/load 4, 5, 0;
    %flag_set/imm 4, 0;
    %store/vec4 v0x55703090dd70_0, 4, 1;
    %load/vec4 v0x55703090dcd0_0;
    %parti/s 1, 6, 4;
    %inv;
    %ix/load 4, 6, 0;
    %flag_set/imm 4, 0;
    %store/vec4 v0x55703090dd70_0, 4, 1;
    %load/vec4 v0x55703090dcd0_0;
    %parti/s 1, 7, 4;
    %inv;
    %ix/load 4, 7, 0;
    %flag_set/imm 4, 0;
    %store/vec4 v0x55703090dd70_0, 4, 1;
    %end;
    .thread T_1;
    .scope S_0x5570308e7510;
T_2 ;
    %vpi_func 2 35 "$fopen" 32, "output.txt", "w" {0 0 0};
    %store/vec4 v0x55703090e110_0, 0, 32;
    %load/vec4 v0x55703090deb0_0;
    %pad/s 8;
    %store/vec4 v0x55703090dbf0_0, 0, 8;
    %load/vec4 v0x55703090dd70_0;
    %store/vec4 v0x55703090dcd0_0, 0, 8;
    %pushi/vec4 1, 0, 1;
    %store/vec4 v0x55703090e070_0, 0, 1;
    %delay 1, 0;
    %vpi_call 2 40 "$fwrite", v0x55703090e110_0, "%d", v0x55703090e1f0_0 {0 0 0};
    %vpi_call 2 41 "$fclose", v0x55703090e110_0 {0 0 0};
    %end;
    .thread T_2;
# The file index is used to find the file name in the following table.
:file_names 6;
    "N/A";
    "<interactive>";
    "sub123.v";
    "./eight.v";
    "./four.v";
    "./Fulladdr.v";
